C:\Program Files (x86)\Microsoft Visual Studio\2019\Professional\MSBuild\Microsoft\VC\v160\Microsoft.CppBuild.targets(491,5): warning MSB8028: 中繼目錄 (Debug\) 包含從其他專案 (HW0.vcxproj) 共用的檔案。這可能導致錯誤的清除和重建行為。
  Source.cpp
C:\Users\CGGM\source\repos\Fire_Simulation\Fire_Simulation\Particle_System.h(144,1): warning C4244: '-=': 將 'double' 轉換為 'float'，由於類型不同，可能導致資料遺失
C:\Users\CGGM\source\repos\Fire_Simulation\Fire_Simulation\Particle_System.h(148,43): warning C4244: '=': 將 'float' 轉換為 'unsigned char'，由於類型不同，可能導致資料遺失
C:\Users\CGGM\source\repos\Fire_Simulation\Fire_Simulation\Particle_System.h(150,49): warning C4244: '=': 將 'float' 轉換為 'unsigned char'，由於類型不同，可能導致資料遺失
C:\Users\CGGM\source\repos\Fire_Simulation\Fire_Simulation\Particle_System.h(151,1): warning C4244: '*=': 將 'double' 轉換為 'unsigned char'，由於類型不同，可能導致資料遺失
C:\Users\CGGM\source\repos\Fire_Simulation\Fire_Simulation\Source.cpp(160,78): warning C4244: '=': 將 'double' 轉換為 'T'，由於類型不同，可能導致資料遺失
          with
          [
              T=float
          ]
C:\Users\CGGM\source\repos\Fire_Simulation\Fire_Simulation\Source.cpp(161,78): warning C4244: '=': 將 'double' 轉換為 'T'，由於類型不同，可能導致資料遺失
          with
          [
              T=float
          ]
C:\Users\CGGM\source\repos\Fire_Simulation\Fire_Simulation\Source.cpp(162,78): warning C4244: '=': 將 'double' 轉換為 'T'，由於類型不同，可能導致資料遺失
          with
          [
              T=float
          ]
C:\Users\CGGM\source\repos\Fire_Simulation\Fire_Simulation\Source.cpp(163,78): warning C4244: '=': 將 'double' 轉換為 'T'，由於類型不同，可能導致資料遺失
          with
          [
              T=float
          ]
C:\Users\CGGM\source\repos\Fire_Simulation\Fire_Simulation\Source.cpp(164,78): warning C4244: '=': 將 'double' 轉換為 'T'，由於類型不同，可能導致資料遺失
          with
          [
              T=float
          ]
C:\Users\CGGM\source\repos\Fire_Simulation\Fire_Simulation\Source.cpp(165,78): warning C4244: '=': 將 'double' 轉換為 'T'，由於類型不同，可能導致資料遺失
          with
          [
              T=float
          ]
C:\Users\CGGM\source\repos\Fire_Simulation\Fire_Simulation\Source.cpp(166,71): warning C4244: '=': 將 'double' 轉換為 'T'，由於類型不同，可能導致資料遺失
          with
          [
              T=float
          ]
  Fire_Simulation.vcxproj -> C:\Users\CGGM\source\repos\Fire_Simulation\Debug\Fire_Simulation.exe
